Assembler report for proj2-3_phi_equipe0
Thu Oct 13 15:16:49 2022
Quartus Prime Version 17.0.0 Build 595 04/25/2017 SJ Lite Edition


---------------------
; Table of Contents ;
---------------------
  1. Legal Notice
  2. Assembler Summary
  3. Assembler Settings
  4. Assembler Generated Files
  5. Assembler Device Options: C:/Users/User/Documents/UFPA/6 Semestre/Projeto de Hardware e Interfaceamento/PHI_VHDL/projetos/proj2.3_phi_equipe0/output_files/proj2-3_phi_equipe0.sof
  6. Assembler Messages



----------------
; Legal Notice ;
----------------
Copyright (C) 2017  Intel Corporation. All rights reserved.
Your use of Intel Corporation's design tools, logic functions 
and other software and tools, and its AMPP partner logic 
functions, and any output files from any of the foregoing 
(including device programming or simulation files), and any 
associated documentation or information are expressly subject 
to the terms and conditions of the Intel Program License 
Subscription Agreement, the Intel Quartus Prime License Agreement,
the Intel MegaCore Function License Agreement, or other 
applicable license agreement, including, without limitation, 
that your use is for the sole purpose of programming logic 
devices manufactured by Intel and sold by Intel or its 
authorized distributors.  Please refer to the applicable 
agreement for further details.



+---------------------------------------------------------------+
; Assembler Summary                                             ;
+-----------------------+---------------------------------------+
; Assembler Status      ; Successful - Thu Oct 13 15:16:49 2022 ;
; Revision Name         ; proj2-3_phi_equipe0                   ;
; Top-level Entity Name ; controle_portao                       ;
; Family                ; Cyclone V                             ;
; Device                ; 5CGXFC7C7F23C8                        ;
+-----------------------+---------------------------------------+


+----------------------------------+
; Assembler Settings               ;
+--------+---------+---------------+
; Option ; Setting ; Default Value ;
+--------+---------+---------------+


+----------------------------------------------------------------------------------------------------------------------------------------------------------+
; Assembler Generated Files                                                                                                                                ;
+----------------------------------------------------------------------------------------------------------------------------------------------------------+
; File Name                                                                                                                                                ;
+----------------------------------------------------------------------------------------------------------------------------------------------------------+
; C:/Users/User/Documents/UFPA/6 Semestre/Projeto de Hardware e Interfaceamento/PHI_VHDL/projetos/proj2.3_phi_equipe0/output_files/proj2-3_phi_equipe0.sof ;
+----------------------------------------------------------------------------------------------------------------------------------------------------------+


+------------------------------------------------------------------------------------------------------------------------------------------------------------------------------------+
; Assembler Device Options: C:/Users/User/Documents/UFPA/6 Semestre/Projeto de Hardware e Interfaceamento/PHI_VHDL/projetos/proj2.3_phi_equipe0/output_files/proj2-3_phi_equipe0.sof ;
+----------------+-------------------------------------------------------------------------------------------------------------------------------------------------------------------+
; Option         ; Setting                                                                                                                                                           ;
+----------------+-------------------------------------------------------------------------------------------------------------------------------------------------------------------+
; JTAG usercode  ; 0x00EC5601                                                                                                                                                        ;
; Checksum       ; 0x00EC5601                                                                                                                                                        ;
+----------------+-------------------------------------------------------------------------------------------------------------------------------------------------------------------+


+--------------------+
; Assembler Messages ;
+--------------------+
Info: *******************************************************************
Info: Running Quartus Prime Assembler
    Info: Version 17.0.0 Build 595 04/25/2017 SJ Lite Edition
    Info: Processing started: Thu Oct 13 15:16:40 2022
Info: Command: quartus_asm --read_settings_files=off --write_settings_files=off proj2-3_phi_equipe0 -c proj2-3_phi_equipe0
Warning (18236): Number of processors has not been specified which may cause overloading on shared machines.  Set the global assignment NUM_PARALLEL_PROCESSORS in your QSF to an appropriate value for best performance.
Info (115030): Assembler is generating device programming files
Info: Quartus Prime Assembler was successful. 0 errors, 1 warning
    Info: Peak virtual memory: 4826 megabytes
    Info: Processing ended: Thu Oct 13 15:16:50 2022
    Info: Elapsed time: 00:00:10
    Info: Total CPU time (on all processors): 00:00:09


